   1534.93443530082     
   1282.40966265695     
   1029.88489001308     
   827.085850616357     
   664.220837613311     
   533.426271034558     
   428.387022081783     
   344.031500983589     
   276.286786406022     
   221.881973378386     
   178.190244820241     
   143.102041439615     
   114.923206289120     
   92.2931861132448     
   74.1193400182783     
   59.5241837030563     
   47.8030220539125     
   38.3899244866001     
   30.8304002291887     
   24.7594542318971     
   19.8839641815943     
   15.9685277337647     
   12.8240966265695     
   10.2988489001308     
   8.27085850616357     
   6.64220837613312     
   5.33426271034558     
   4.28387022081783     
   3.44031500983589     
   2.76286786406022     
   2.21881973378386     
   1.78190244820241     
   1.43102041439616     
   1.14923206289120     
  0.922931861132447     
  0.741193400182783     
  0.595241837030563     
  0.478030220539126     
  0.383899244866001     
  0.308304002291887     
  0.247594542318971     
  0.198839641815944     
  0.159685277337647     
  0.128240966265695     
  0.102988489001308     
  8.270858506163573E-002
  6.642208376133106E-002
  5.334262710345580E-002
  4.283870220817827E-002
  3.440315009835895E-002
  2.762867864060217E-002
  2.218819733783856E-002
  1.781902448202408E-002
  1.431020414396154E-002
  1.149232062891202E-002
  9.229318611324481E-003
  7.411934001827832E-003
  5.952418370305640E-003
  4.780302205391249E-003
  3.838992448660013E-003
  3.083040022918877E-003
  2.475945423189714E-003
  1.988396418159435E-003
  1.500847413129156E-003
