   135306.92552501039     
   101465.87993378309     
   76088.675807166117     
   57058.457383568464     
   42787.806785380671     
   32086.328538392911     
   24061.351969679592     
   18043.468510772796     
   13530.692552501023     
   10146.587993378314     
   7608.8675807166164     
   5705.8457383568402     
   4278.7806785380699     
   3208.6328538392931     
   2406.1351969679567     
   1804.3468510772809     
   1353.0692552501007     
   1014.6587993378304     
   760.88675807166214     
   570.58457383568339     
   427.87806785380656     
   320.86328538392894     
   240.61351969679541     
   180.43468510772789     
   135.30692552501017     
   101.46587993378293     
   76.088675807166140     
   57.058457383568374     
   42.787806785380610     
   32.086328538392920     
   24.061351969679556     
   18.043468510772769     
   13.530692552501026     
   10.146587993378299     
   7.6088675807166046     
   5.7058457383568415     
   4.2787806785380633     
   3.2086328538392883     
   2.4061351969679574     
   1.8043468510772782     
   1.3530692552501011     
   1.0146587993378289     
  0.76088675807166106     
  0.57058457383568351     
  0.42787806785380589     
  0.32086328538392905     
  0.24061351969679545     
  0.18043468510772762     
  0.13530692552501020     
  0.10146587993378295     
  7.60886758071660230E-002
  5.70584573835683923E-002
  4.27878067853806193E-002
  3.20863285383928692E-002
  2.40613519696795605E-002
  1.80434685107727748E-002
  1.35306925525010297E-002
  1.01465879933782845E-002
  7.60886758071660681E-003
  5.70584573835684287E-003
  4.27878067853805673E-003
  3.20863285383928909E-003
  2.40613519696795779E-003
  1.80434685107727535E-003
