 722375.089908433  1.00000000000000 
 580128.978488337  1.00000000000000 
 465893.157377043  1.00000000000000 
 374152.000485720  1.00000000000000 
 300475.987253771  1.00000000000000 
 241307.832963058  1.00000000000000 
 193790.733046860  1.00000000000000 
 155630.428546701  1.00000000000000 
 124984.432850142  1.00000000000000 
 100373.071265497  1.00000000000000 
 80608.0381744649  1.00000000000000 
 64735.0223014490  1.00000000000000 
 51987.6298865418  1.00000000000000 
 41750.3810436249  1.00000000000000 
 33528.9926638929  1.00000000000000 
 26926.5130399693  1.00000000000000 
 21624.1559232816  1.00000000000000 
 17365.9086291868  1.00000000000000 
 13946.1710259616  1.00000000000000 
 11199.8285833490  1.00000000000000 
 8994.28017958215  1.00000000000000 
 7223.03574703017  1.00000000000000 
 5800.57463282921  1.00000000000000 
 4658.21642171627  1.00000000000000 
 3740.80485280304  1.00000000000000 
 3004.04472048355  1.00000000000000 
 2412.36317757642  1.00000000000000 
 1937.19217841444  1.00000000000000 
 1555.58913341285  1.00000000000000 
 1249.12917644726  1.00000000000000 
 1003.01556060081  1.00000000000000 
 805.365229690487  1.00000000000000 
 646.635070960329  1.00000000000000 
 519.161146811256  1.00000000000000 
 416.788658382088  1.00000000000000 
 334.574774584767  1.00000000000000 
 268.549978345532  1.00000000000000 
 215.526407178654  1.00000000000000 
 172.943934237706  1.00000000000000 
 138.746558205454  1.00000000000000 
 111.283133779329  1.00000000000000 
 89.2276497416601  1.00000000000000 
 71.5152054161403  1.00000000000000 
 57.2905942741306  1.00000000000000 
 45.8670121630013  1.00000000000000 
 36.6928964738690  1.00000000000000 
 29.3252951506741  0.999999999999908 
 23.4084797216028  0.999999999965897 
 18.6567697299830  0.999999996051448 
 14.8407392799671  0.999999820642795 
 11.7761397103112  0.999996157113922 
 9.31500355184670  0.999954968608946 
 7.33850024274348  0.999674987665258 
 5.75119865544188  0.998410515987728 
 4.47645941395117  0.994313194400253 
 3.45273452965948  0.984170527211432 
 2.63059569168627  0.963982230758009 
 1.97034772929391  0.930295814294405 
 1.44011201762514  0.881549389958157 
 1.01428728821566  0.818669594810301 
 0.672313527893142  0.744736952949702 
 0.397679283631887  0.664061262392474 
 0.177124443255199  0.581162232516910 
 0.000000000000000E+000  0.500000000000000 
