   1.0000000000000000     
  0.99999999999999989     
   1.0000000000000000     
   1.0000000000000000     
   1.0000000000000000     
   1.0000000000000000     
   1.0000000000000000     
   1.0000000000000000     
   1.0000000000000002     
  0.99999999999999989     
   1.0000000000000000     
   1.0000000000000002     
  0.99999999999999989     
   1.0000000000000002     
  0.99999999999999989     
   1.0000000000000000     
   1.0000000000000000     
  0.99999999999999989     
   1.0000000000000000     
   1.0000000000000000     
   1.0000000000000000     
   1.0000000000000000     
   1.0000000000000000     
   1.0000000000000002     
  0.99999999999999989     
  0.99999999999999989     
   1.0000000000000000     
  0.99999999999999989     
  0.99999999999999711     
  0.99999999999937439     
  0.99999999992377153     
  0.99999999471788703     
  0.99999979016847851     
  0.99999515456414267     
  0.99993347410105238     
  0.99943784145622938     
  0.99693076238692990     
  0.98849451576392133     
  0.96834762790554163     
  0.93185858847283887     
  0.87861157464269835     
  0.81275214962501319     
  0.74087199835781103     
  0.66946553383174034     
  0.60336260688187437     
  0.54531982811355562     
  0.49633218411572977     
  0.45619438489899855     
  0.42402958983181227     
  0.39867906510750617     
  0.37894653585086280     
  0.36372970819460415     
  0.35207700457133351     
  0.34320030668396445     
  0.33646482637538311     
  0.33136910725545443     
  0.32752245848215478     
  0.32462351404001488     
  0.32244149964540592     
  0.32080064281545551     
  0.31956759378383348     
  0.31864148398262943     
  0.31794618114535078     
  0.31742431685030459     
  0.31703271455521620     
