   1.0000000000000000     
   1.0000000000000027     
   1.0000000000000002     
   1.0000000000000004     
  0.99999999999999578     
  0.99999999999999822     
  0.99999999999999822     
  0.99999999999999722     
  0.99999999999999822     
   1.0000000000000002     
  0.99999999999999689     
   1.0000000000000004     
  0.99999999999999756     
  0.99999999999999722     
   1.0000000000000027     
   1.0000000000000071     
  0.99999999999999778     
   1.0000000000000031     
   1.0000000000000042     
   1.0000000000000000     
   1.0000000000000007     
  0.99999999999999745     
  0.99999999999999933     
  0.99999999999999634     
   1.0000000000000004     
   1.0000000000000002     
   1.0000000000000018     
  0.99999999999999623     
  0.99999999999999845     
  0.99999999999963718     
  0.99999999995113009     
  0.99999999624668301     
  0.99999983505486412     
  0.99999579978792852     
  0.99993680694341158     
  0.99942273945992799     
  0.99667097742184452     
  0.98715423313522033     
  0.96430061138062628     
  0.92309526024237964     
  0.86335667004579086     
  0.78986194650305097     
  0.70993766292957772     
  0.63071424359794837     
  0.55746507303919601     
  0.49318776462415453     
  0.43895322378379920     
  0.39452016822717040     
  0.35891291342602399     
  0.33084771703397930     
  0.30900065448953229     
  0.29215208403421145     
  0.27924907413409128     
  0.26941944660921791     
  0.26196060395325488     
  0.25631744834381032     
  0.25205744691450072     
  0.24884692723147719     
  0.24643035732355481     
  0.24461309657660932     
  0.24324747443798761     
  0.24222178604665826     
  0.24145171810708865     
  0.24087373627102698     
  0.24043998968444816     
