   621340.83153203269     
   473345.30394371389     
   354958.90121431719     
   266181.62334384257     
   199608.05674847530     
   149684.92466400075     
   112247.85700211395     
   84174.016748077687     
   63121.606507851495     
   47334.525976214587     
   35495.885703274915     
   26618.157916227450     
   19960.801256690720     
   14968.488048243265     
   11224.781282054584     
   8417.3972566509583     
   6312.1562326283383     
   4733.4481794646472     
   3549.5841521706816     
   2661.8113734659355     
   1996.0757075122629     
   1496.8443866675179     
   1122.4737100486502     
   841.73530750828809     
   631.21120510602645     
   473.34039978965745     
   354.95399706026092     
   266.17671918978641     
   199.60315259441916     
   149.68002050994468     
   112.24295284805791     
   84.169112594021669     
   63.116702353795503     
   47.329621822158607     
   35.490981549218944     
   26.613253762171496     
   19.955897102634772     
   14.963583894187320     
   11.219877127998645     
   8.4124931025950218     
   6.3072520785724038     
   4.7285440254087137     
   3.5446799981147485     
   2.6569072194100039     
   1.9911715534563317     
   1.4919402326115869     
   1.1175695559927195     
  0.83683115345235715     
  0.62630705105009554     
  0.46843624573372666     
  0.35004984300433006     
  0.26127256513385555     
  0.19469899853848832     
  0.14477586645401383     
  0.10733879879212709     
  7.92649585380908739E-002
  5.82125482978647080E-002
  4.24254677662278049E-002
  3.05868274932881469E-002
  2.17090997062407004E-002
  1.50517430467039734E-002
  1.00594298382565232E-002
  6.31572307206785047E-003
  3.50833904666422681E-003
  1.40309802264161013E-003
