 -0.4000000      0.0000000E+00 NaN           
 -0.3960000      0.0000000E+00 NaN           
 -0.3920000      0.0000000E+00 NaN           
 -0.3880000      0.0000000E+00 NaN           
 -0.3840000      0.0000000E+00 NaN           
 -0.3800000      0.0000000E+00 NaN           
 -0.3760000      0.0000000E+00 NaN           
 -0.3719999      0.0000000E+00 NaN           
 -0.3679999      0.0000000E+00 NaN           
 -0.3639999      0.0000000E+00 NaN           
 -0.3599999      0.0000000E+00 NaN           
 -0.3559999      0.0000000E+00 NaN           
 -0.3519999      0.0000000E+00 NaN           
 -0.3479999      0.0000000E+00 NaN           
 -0.3439999      0.0000000E+00 NaN           
 -0.3399999      0.0000000E+00 NaN           
 -0.3359999      0.0000000E+00 NaN           
 -0.3319999      0.0000000E+00 NaN           
 -0.3279999      0.0000000E+00 NaN           
 -0.3239999      0.0000000E+00 NaN           
 -0.3199998      0.0000000E+00 NaN           
 -0.3159998      0.0000000E+00 NaN           
 -0.3119998      0.0000000E+00 NaN           
 -0.3079998      0.0000000E+00 NaN           
 -0.3039998      0.0000000E+00 NaN           
 -0.2999998      0.0000000E+00 NaN           
 -0.2959998      0.0000000E+00 NaN           
 -0.2919998      0.0000000E+00 NaN           
 -0.2879998      0.0000000E+00 NaN           
 -0.2839998      0.0000000E+00 NaN           
 -0.2799998      0.0000000E+00 NaN           
 -0.2759998      0.0000000E+00 NaN           
 -0.2719997      0.0000000E+00 NaN           
 -0.2679997      0.0000000E+00 NaN           
 -0.2639997      0.0000000E+00 NaN           
 -0.2599997      0.0000000E+00 NaN           
 -0.2559997      0.0000000E+00 NaN           
 -0.2519997      0.0000000E+00 NaN           
 -0.2479997      0.0000000E+00 NaN           
 -0.2439997      0.0000000E+00 NaN           
 -0.2399997      0.0000000E+00 NaN           
 -0.2359997      0.0000000E+00 NaN           
 -0.2319997      0.0000000E+00 NaN           
 -0.2279997      0.0000000E+00 NaN           
 -0.2239998      0.0000000E+00 NaN           
 -0.2199998      0.0000000E+00 NaN           
 -0.2159998      0.0000000E+00 NaN           
 -0.2119998      0.0000000E+00 NaN           
 -0.2079998      0.0000000E+00 NaN           
 -0.2039998      0.0000000E+00 NaN           
 -0.1999998      0.0000000E+00 NaN           
 -0.1959998      0.0000000E+00 NaN           
 -0.1919998      0.0000000E+00 NaN           
 -0.1879998      0.0000000E+00 NaN           
 -0.1839998      0.0000000E+00 NaN           
 -0.1799998      0.0000000E+00 NaN           
 -0.1759998      0.0000000E+00 NaN           
 -0.1719998      0.0000000E+00 NaN           
 -0.1679998      0.0000000E+00 NaN           
 -0.1639999      0.0000000E+00 NaN           
 -0.1599999      0.0000000E+00 NaN           
 -0.1559999      0.0000000E+00 NaN           
 -0.1519999      0.0000000E+00 NaN           
 -0.1479999      0.0000000E+00 NaN           
 -0.1439999      0.0000000E+00 NaN           
 -0.1399999      0.0000000E+00 NaN           
 -0.1359999      0.0000000E+00 NaN           
 -0.1319999      0.0000000E+00 NaN           
 -0.1279999      0.0000000E+00 NaN           
 -0.1239999      0.0000000E+00 NaN           
 -0.1199999      0.0000000E+00 NaN           
 -0.1159999      0.0000000E+00 NaN           
 -0.1119999      0.0000000E+00 NaN           
 -0.1079999      0.0000000E+00 NaN           
 -0.1039999      0.0000000E+00 NaN           
 -9.9999912E-02  0.0000000E+00 NaN           
 -9.5999911E-02  0.0000000E+00 NaN           
 -9.1999911E-02  0.0000000E+00 NaN           
 -8.7999910E-02  0.0000000E+00 NaN           
 -8.3999909E-02  0.0000000E+00 NaN           
 -7.9999909E-02  0.0000000E+00 NaN           
 -7.5999908E-02  0.0000000E+00 NaN           
 -7.1999907E-02  0.0000000E+00 NaN           
 -6.7999907E-02  0.0000000E+00 NaN           
 -6.3999906E-02  0.0000000E+00 -Infinity     
 -5.9999906E-02  -1310896.       2868.229    
 -5.5999905E-02  0.0000000E+00  -21.33150    
 -5.1999904E-02  -43.70573       113.5143    
 -4.7999904E-02  -344.3678       187.5751    
 -4.3999903E-02  -837.5129       248.6717    
 -3.9999902E-02  -1558.518       304.7383    
 -3.5999902E-02  -2547.186       358.4572    
 -3.1999901E-02  -3848.476       411.0564    
 -2.7999900E-02  -5512.404       463.2058    
 -2.3999900E-02  -7594.259       515.3157    
 -1.9999899E-02  -10154.95       567.6597    
 -1.5999898E-02  -13261.47       620.4327    
 -1.1999898E-02  -16987.32       673.7806    
 -7.9998970E-03  -21412.26       727.8083    
 -3.9998968E-03  -26574.73       782.1249    
