 size of message [MB]:   7.99999999999999999999999999999999973E-0005
 ---------------------------------------------------------------
           1           1   11.000000000000000     
           2           1   12.000000000000000     
           3           1   13.000000000000000     
           4           1   14.000000000000000     
           5           1   15.000000000000000     
           6           1   16.000000000000000     
           7           1   17.000000000000000     
           8           1   18.000000000000000     
           9           1   19.000000000000000     
          10           1   20.000000000000000     
           1           2   11.000000000000000     
           2           2   12.000000000000000     
           3           2   13.000000000000000     
           4           2   14.000000000000000     
           5           2   15.000000000000000     
           6           2   16.000000000000000     
           7           2   17.000000000000000     
           8           2   18.000000000000000     
           9           2   19.000000000000000     
          10           2   20.000000000000000     
 rank           0
           1           1   0.0000000000000000     
           2           1   0.0000000000000000     
           3           1   0.0000000000000000     
           4           1   0.0000000000000000     
           5           1   0.0000000000000000     
           6           1   0.0000000000000000     
           7           1   0.0000000000000000     
           8           1   0.0000000000000000     
           9           1   0.0000000000000000     
          10           1   0.0000000000000000     
           1           2   0.0000000000000000     
           2           2   0.0000000000000000     
           3           2   0.0000000000000000     
           4           2   0.0000000000000000     
           5           2   0.0000000000000000     
           6           2   0.0000000000000000     
           7           2   0.0000000000000000     
           8           2   0.0000000000000000     
           9           2   0.0000000000000000     
          10           2   0.0000000000000000     
 rank           1
           1           1   11.000000000000000     
           2           1   12.000000000000000     
           3           1   13.000000000000000     
           4           1   14.000000000000000     
           5           1   15.000000000000000     
           6           1   16.000000000000000     
           7           1   17.000000000000000     
           8           1   18.000000000000000     
           9           1   19.000000000000000     
          10           1   20.000000000000000     
           1           2   11.000000000000000     
           2           2   12.000000000000000     
           3           2   13.000000000000000     
           4           2   14.000000000000000     
           5           2   15.000000000000000     
           6           2   16.000000000000000     
           7           2   17.000000000000000     
           8           2   18.000000000000000     
           9           2   19.000000000000000     
          10           2   20.000000000000000     
 time for starting communication:   3.0999999999999778E-005
 time for grid grid loop:   7.9999999999993271E-006
 time for MPI_WAIT(Receive):   6.3530000000000010E-003
 time for MPI_WAIT(Send):   2.1000000000000185E-005
 rank           0
           1           1   1.0000000000000000     
           2           1   2.0000000000000000     
           3           1   3.0000000000000000     
           4           1   4.0000000000000000     
           5           1   5.0000000000000000     
           6           1   6.0000000000000000     
           7           1   7.0000000000000000     
           8           1   8.0000000000000000     
           9           1   9.0000000000000000     
          10           1   10.000000000000000     
           1           2   1.0000000000000000     
           2           2   2.0000000000000000     
           3           2   3.0000000000000000     
           4           2   4.0000000000000000     
           5           2   5.0000000000000000     
           6           2   6.0000000000000000     
           7           2   7.0000000000000000     
           8           2   8.0000000000000000     
           9           2   9.0000000000000000     
          10           2   10.000000000000000     
 rank           1
           1           1   11.000000000000000     
           2           1   12.000000000000000     
           3           1   13.000000000000000     
           4           1   14.000000000000000     
           5           1   15.000000000000000     
           6           1   16.000000000000000     
           7           1   17.000000000000000     
           8           1   18.000000000000000     
           9           1   19.000000000000000     
          10           1   20.000000000000000     
           1           2   11.000000000000000     
           2           2   12.000000000000000     
           3           2   13.000000000000000     
           4           2   14.000000000000000     
           5           2   15.000000000000000     
           6           2   16.000000000000000     
           7           2   17.000000000000000     
           8           2   18.000000000000000     
           9           2   19.000000000000000     
          10           2   20.000000000000000     
 time for check:   8.0000000000000210E-005
 total time for manually non-blocking:   6.4930000000000005E-003
 total time for manually non-blocking (wtime):   0.0000000000000000     
 ---------------------------------------------------------------
 time for MPI_ALLGATHER:   3.8750000000000000E-003
 time for grid loop:   1.6000000000002124E-005
 rank           0
           1           1   1.0000000000000000     
           2           1   2.0000000000000000     
           3           1   3.0000000000000000     
           4           1   4.0000000000000000     
           5           1   5.0000000000000000     
           6           1   6.0000000000000000     
           7           1   7.0000000000000000     
           8           1   8.0000000000000000     
           9           1   9.0000000000000000     
          10           1   10.000000000000000     
           1           2   1.0000000000000000     
           2           2   2.0000000000000000     
           3           2   3.0000000000000000     
           4           2   4.0000000000000000     
           5           2   5.0000000000000000     
           6           2   6.0000000000000000     
           7           2   7.0000000000000000     
           8           2   8.0000000000000000     
           9           2   9.0000000000000000     
          10           2   10.000000000000000     
 rank           1
           1           1   11.000000000000000     
           2           1   12.000000000000000     
           3           1   13.000000000000000     
           4           1   14.000000000000000     
           5           1   15.000000000000000     
           6           1   16.000000000000000     
           7           1   17.000000000000000     
           8           1   18.000000000000000     
           9           1   19.000000000000000     
          10           1   20.000000000000000     
           1           2   11.000000000000000     
           2           2   12.000000000000000     
           3           2   13.000000000000000     
           4           2   14.000000000000000     
           5           2   15.000000000000000     
           6           2   16.000000000000000     
           7           2   17.000000000000000     
           8           2   18.000000000000000     
           9           2   19.000000000000000     
          10           2   20.000000000000000     
 time for check:   6.6999999999997617E-005
 total time using MPI_ALLGATHER (blocking):   3.9649999999999998E-003
 total time using MPI_ALLGATHER (blocking) (wtime):   0.0000000000000000     
 ---------------------------------------------------------------
 ---------------------------------------------------------------
 total runtime:   2.3049999999999998E-002
