 size of message [MB]:  8.000000000000001E-005
 ---------------------------------------------------------------
           1           1   1.00000000000000     
           2           1   2.00000000000000     
           3           1   3.00000000000000     
           4           1   4.00000000000000     
           5           1   5.00000000000000     
           6           1   6.00000000000000     
           7           1   7.00000000000000     
           8           1   8.00000000000000     
           9           1   9.00000000000000     
          10           1   10.0000000000000     
           1           2   1.00000000000000     
           2           2   2.00000000000000     
           3           2   3.00000000000000     
           4           2   4.00000000000000     
           5           2   5.00000000000000     
           6           2   6.00000000000000     
           7           2   7.00000000000000     
           8           2   8.00000000000000     
           9           2   9.00000000000000     
          10           2   10.0000000000000     
 rank           0
           1           1   1.00000000000000     
           2           1   2.00000000000000     
           3           1   3.00000000000000     
           4           1   4.00000000000000     
           5           1   5.00000000000000     
           6           1   6.00000000000000     
           7           1   7.00000000000000     
           8           1   8.00000000000000     
           9           1   9.00000000000000     
          10           1   10.0000000000000     
           1           2   1.00000000000000     
           2           2   2.00000000000000     
           3           2   3.00000000000000     
           4           2   4.00000000000000     
           5           2   5.00000000000000     
           6           2   6.00000000000000     
           7           2   7.00000000000000     
           8           2   8.00000000000000     
           9           2   9.00000000000000     
          10           2   10.0000000000000     
 rank           1
           1           1  0.000000000000000E+000
           2           1  0.000000000000000E+000
           3           1  0.000000000000000E+000
           4           1  0.000000000000000E+000
           5           1  0.000000000000000E+000
           6           1  0.000000000000000E+000
           7           1  0.000000000000000E+000
           8           1  0.000000000000000E+000
           9           1  0.000000000000000E+000
          10           1  0.000000000000000E+000
           1           2  0.000000000000000E+000
           2           2  0.000000000000000E+000
           3           2  0.000000000000000E+000
           4           2  0.000000000000000E+000
           5           2  0.000000000000000E+000
           6           2  0.000000000000000E+000
           7           2  0.000000000000000E+000
           8           2  0.000000000000000E+000
           9           2  0.000000000000000E+000
          10           2  0.000000000000000E+000
 time for starting communication:  0.000000000000000E+000
 time for grid grid loop:  0.000000000000000E+000
 time for MPI_WAIT(Receive):  0.000000000000000E+000
 time for MPI_WAIT(Send):  0.000000000000000E+000
 rank           0
           1           1   1.00000000000000     
           2           1   2.00000000000000     
           3           1   3.00000000000000     
           4           1   4.00000000000000     
           5           1   5.00000000000000     
           6           1   6.00000000000000     
           7           1   7.00000000000000     
           8           1   8.00000000000000     
           9           1   9.00000000000000     
          10           1   10.0000000000000     
           1           2   1.00000000000000     
           2           2   2.00000000000000     
           3           2   3.00000000000000     
           4           2   4.00000000000000     
           5           2   5.00000000000000     
           6           2   6.00000000000000     
           7           2   7.00000000000000     
           8           2   8.00000000000000     
           9           2   9.00000000000000     
          10           2   10.0000000000000     
 rank           1
           1           1   11.0000000000000     
           2           1   12.0000000000000     
           3           1   13.0000000000000     
           4           1   14.0000000000000     
           5           1   15.0000000000000     
           6           1   16.0000000000000     
           7           1   17.0000000000000     
           8           1   18.0000000000000     
           9           1   19.0000000000000     
          10           1   20.0000000000000     
           1           2   11.0000000000000     
           2           2   12.0000000000000     
           3           2   13.0000000000000     
           4           2   14.0000000000000     
           5           2   15.0000000000000     
           6           2   16.0000000000000     
           7           2   17.0000000000000     
           8           2   18.0000000000000     
           9           2   19.0000000000000     
          10           2   20.0000000000000     
 time for check:  0.000000000000000E+000
 total time for manually non-blocking:  0.000000000000000E+000
 total time for manually non-blocking (wtime):  1.909732818603516E-004
 ---------------------------------------------------------------
 time for MPI_ALLGATHER:  0.000000000000000E+000
 time for grid loop:  0.000000000000000E+000
 rank           0
           1           1   1.00000000000000     
           2           1   2.00000000000000     
           3           1   3.00000000000000     
           4           1   4.00000000000000     
           5           1   5.00000000000000     
           6           1   6.00000000000000     
           7           1   7.00000000000000     
           8           1   8.00000000000000     
           9           1   9.00000000000000     
          10           1   10.0000000000000     
           1           2   1.00000000000000     
           2           2   2.00000000000000     
           3           2   3.00000000000000     
           4           2   4.00000000000000     
           5           2   5.00000000000000     
           6           2   6.00000000000000     
           7           2   7.00000000000000     
           8           2   8.00000000000000     
           9           2   9.00000000000000     
          10           2   10.0000000000000     
 rank           1
           1           1   11.0000000000000     
           2           1   12.0000000000000     
           3           1   13.0000000000000     
           4           1   14.0000000000000     
           5           1   15.0000000000000     
           6           1   16.0000000000000     
           7           1   17.0000000000000     
           8           1   18.0000000000000     
           9           1   19.0000000000000     
          10           1   20.0000000000000     
           1           2   11.0000000000000     
           2           2   12.0000000000000     
           3           2   13.0000000000000     
           4           2   14.0000000000000     
           5           2   15.0000000000000     
           6           2   16.0000000000000     
           7           2   17.0000000000000     
           8           2   18.0000000000000     
           9           2   19.0000000000000     
          10           2   20.0000000000000     
 time for check:  0.000000000000000E+000
 total time using MPI_ALLGATHER (blocking):  0.000000000000000E+000
 total time using MPI_ALLGATHER (blocking) (wtime):  1.351833343505859E-004
 ---------------------------------------------------------------
 ---------------------------------------------------------------
 total runtime:  1.600000000000000E-002
