 size of message [MB]:  8.000000000000001E-005
 ---------------------------------------------------------------
           1           1   31.0000000000000     
           2           1   32.0000000000000     
           3           1   33.0000000000000     
           4           1   34.0000000000000     
           5           1   35.0000000000000     
           6           1   36.0000000000000     
           7           1   37.0000000000000     
           8           1   38.0000000000000     
           9           1   39.0000000000000     
          10           1   40.0000000000000     
           1           2   31.0000000000000     
           2           2   32.0000000000000     
           3           2   33.0000000000000     
           4           2   34.0000000000000     
           5           2   35.0000000000000     
           6           2   36.0000000000000     
           7           2   37.0000000000000     
           8           2   38.0000000000000     
           9           2   39.0000000000000     
          10           2   40.0000000000000     
 rank           0
           1           1  0.000000000000000E+000
           2           1  0.000000000000000E+000
           3           1  0.000000000000000E+000
           4           1  0.000000000000000E+000
           5           1  0.000000000000000E+000
           6           1  0.000000000000000E+000
           7           1  0.000000000000000E+000
           8           1  0.000000000000000E+000
           9           1  0.000000000000000E+000
          10           1  0.000000000000000E+000
           1           2  0.000000000000000E+000
           2           2  0.000000000000000E+000
           3           2  0.000000000000000E+000
           4           2  0.000000000000000E+000
           5           2  0.000000000000000E+000
           6           2  0.000000000000000E+000
           7           2  0.000000000000000E+000
           8           2  0.000000000000000E+000
           9           2  0.000000000000000E+000
          10           2  0.000000000000000E+000
 rank           1
           1           1  0.000000000000000E+000
           2           1  0.000000000000000E+000
           3           1  0.000000000000000E+000
           4           1  0.000000000000000E+000
           5           1  0.000000000000000E+000
           6           1  0.000000000000000E+000
           7           1  0.000000000000000E+000
           8           1  0.000000000000000E+000
           9           1  0.000000000000000E+000
          10           1  0.000000000000000E+000
           1           2  0.000000000000000E+000
           2           2  0.000000000000000E+000
           3           2  0.000000000000000E+000
           4           2  0.000000000000000E+000
           5           2  0.000000000000000E+000
           6           2  0.000000000000000E+000
           7           2  0.000000000000000E+000
           8           2  0.000000000000000E+000
           9           2  0.000000000000000E+000
          10           2  0.000000000000000E+000
 rank           2
           1           1  0.000000000000000E+000
           2           1  0.000000000000000E+000
           3           1  0.000000000000000E+000
           4           1  0.000000000000000E+000
           5           1  0.000000000000000E+000
           6           1  0.000000000000000E+000
           7           1  0.000000000000000E+000
           8           1  0.000000000000000E+000
           9           1  0.000000000000000E+000
          10           1  0.000000000000000E+000
           1           2  0.000000000000000E+000
           2           2  0.000000000000000E+000
           3           2  0.000000000000000E+000
           4           2  0.000000000000000E+000
           5           2  0.000000000000000E+000
           6           2  0.000000000000000E+000
           7           2  0.000000000000000E+000
           8           2  0.000000000000000E+000
           9           2  0.000000000000000E+000
          10           2  0.000000000000000E+000
 rank           3
           1           1   31.0000000000000     
           2           1   32.0000000000000     
           3           1   33.0000000000000     
           4           1   34.0000000000000     
           5           1   35.0000000000000     
           6           1   36.0000000000000     
           7           1   37.0000000000000     
           8           1   38.0000000000000     
           9           1   39.0000000000000     
          10           1   40.0000000000000     
           1           2   31.0000000000000     
           2           2   32.0000000000000     
           3           2   33.0000000000000     
           4           2   34.0000000000000     
           5           2   35.0000000000000     
           6           2   36.0000000000000     
           7           2   37.0000000000000     
           8           2   38.0000000000000     
           9           2   39.0000000000000     
          10           2   40.0000000000000     
 time for MPI_ALLGATHER:  0.000000000000000E+000
 time for grid loop:  0.000000000000000E+000
 rank           0
           1           1   1.00000000000000     
           2           1   2.00000000000000     
           3           1   3.00000000000000     
           4           1   4.00000000000000     
           5           1   5.00000000000000     
           6           1   6.00000000000000     
           7           1   7.00000000000000     
           8           1   8.00000000000000     
           9           1   9.00000000000000     
          10           1   10.0000000000000     
           1           2   11.0000000000000     
           2           2   12.0000000000000     
           3           2   13.0000000000000     
           4           2   14.0000000000000     
           5           2   15.0000000000000     
           6           2   16.0000000000000     
           7           2   17.0000000000000     
           8           2   18.0000000000000     
           9           2   19.0000000000000     
          10           2   20.0000000000000     
 rank           1
           1           1   21.0000000000000     
           2           1   22.0000000000000     
           3           1   23.0000000000000     
           4           1   24.0000000000000     
           5           1   25.0000000000000     
           6           1   26.0000000000000     
           7           1   27.0000000000000     
           8           1   28.0000000000000     
           9           1   29.0000000000000     
          10           1   30.0000000000000     
           1           2   31.0000000000000     
           2           2   32.0000000000000     
           3           2   33.0000000000000     
           4           2   34.0000000000000     
           5           2   35.0000000000000     
           6           2   36.0000000000000     
           7           2   37.0000000000000     
           8           2   38.0000000000000     
           9           2   39.0000000000000     
          10           2   40.0000000000000     
 rank           2
           1           1  0.000000000000000E+000
           2           1  0.000000000000000E+000
           3           1  0.000000000000000E+000
           4           1  0.000000000000000E+000
           5           1  0.000000000000000E+000
           6           1  0.000000000000000E+000
           7           1  0.000000000000000E+000
           8           1  0.000000000000000E+000
           9           1  0.000000000000000E+000
          10           1  0.000000000000000E+000
           1           2  0.000000000000000E+000
           2           2  0.000000000000000E+000
           3           2  0.000000000000000E+000
           4           2  0.000000000000000E+000
           5           2  0.000000000000000E+000
           6           2  0.000000000000000E+000
           7           2  0.000000000000000E+000
           8           2  0.000000000000000E+000
           9           2  0.000000000000000E+000
          10           2  0.000000000000000E+000
 rank           3
           1           1   31.0000000000000     
           2           1   32.0000000000000     
           3           1   33.0000000000000     
           4           1   34.0000000000000     
           5           1   35.0000000000000     
           6           1   36.0000000000000     
           7           1   37.0000000000000     
           8           1   38.0000000000000     
           9           1   39.0000000000000     
          10           1   40.0000000000000     
           1           2   31.0000000000000     
           2           2   32.0000000000000     
           3           2   33.0000000000000     
           4           2   34.0000000000000     
           5           2   35.0000000000000     
           6           2   36.0000000000000     
           7           2   37.0000000000000     
           8           2   38.0000000000000     
           9           2   39.0000000000000     
          10           2   40.0000000000000     
 time for check:  0.000000000000000E+000
 total time using MPI_ALLGATHER (blocking):  0.000000000000000E+000
 total time using MPI_ALLGATHER (blocking) (wtime):  5.340576171875000E-004
 ---------------------------------------------------------------
 ---------------------------------------------------------------
 total runtime:  1.600000000000000E-002
