  0.100000000000000     
  0.100000000000000     
  0.100000000000000     
  0.100000000000000     
  0.100000000000000     
  0.100000000000000     
  0.100000000000000     
  0.100000000000000     
  0.100000000000000     
  0.100000000000000     
  0.100000000000000     
  0.100000000000000     
  0.100000000000000     
  0.100000000000000     
  0.100000000000000     
  0.100000000000000     
  0.100000000000000     
  0.100000000000000     
  0.100000000000000     
  0.100000000000000     
  0.100000000000000     
  0.100000000000000     
  0.100000000000000     
  0.100000000000000     
  0.100000000000000     
  0.100000000000000     
  0.100000000000000     
  0.100000000000000     
  0.100000000000000     
  0.100000000000000     
  0.100000000000000     
  0.100000000000000     
  0.100000000000000     
  0.100000000000000     
  0.100000000000000     
  0.100000000000000     
  0.100000000000000     
  0.100000000000000     
  0.100000000000000     
   10.0000000000000     
  -89.0000000000000     
   455.500000000000     
  -1623.50000000000     
   4465.00000000000     
  -9909.80000000000     
   18305.2000000000     
  -28620.8000000000     
   38352.7000000000     
  -44312.3000000000     
   44322.4000000000     
  -38342.6000000000     
   28630.9000000000     
  -18295.1000000000     
   9919.90000000000     
  -4454.90000000000     
   1633.60000000000     
  -445.400000000000     
   99.1000000000000     
  0.100000000000000     
   10.0000000000000     
   10.0000000000000     
   10.0000000000000     
   10.0000000000000     
   10.0000000000000     
   10.0000000000000     
   10.0000000000000     
   10.0000000000000     
   10.0000000000000     
   10.0000000000000     
   10.0000000000000     
   10.0000000000000     
   10.0000000000000     
   10.0000000000000     
   10.0000000000000     
   10.0000000000000     
   10.0000000000000     
   10.0000000000000     
   10.0000000000000     
   10.0000000000000     
   10.0000000000000     
   10.0000000000000     
   10.0000000000000     
   10.0000000000000     
   10.0000000000000     
   10.0000000000000     
   10.0000000000000     
   10.0000000000000     
   10.0000000000000     
   10.0000000000000     
   10.0000000000000     
   10.0000000000000     
   10.0000000000000     
   10.0000000000000     
   10.0000000000000     
   10.0000000000000     
   10.0000000000000     
   10.0000000000000     
   10.0000000000000     
   10.0000000000000     
   10.0000000000000     
