       0.0000000       1.0000000       0.7500000       1.0000000       2.5000001
       0.0100000       1.0000000       0.7500000       1.0000000       2.5000001
       0.0200000       1.0000000       0.7500000       1.0000000       2.5000001
       0.0300000       1.0000000       0.7500000       1.0000000       2.5000001
       0.0400000       1.0000000       0.7500000       1.0000000       2.5000001
       0.0500000       1.0000000       0.7500000       1.0000000       2.5000001
       0.0600000       1.0000000       0.7500000       1.0000000       2.5000001
       0.0700000       1.0000000       0.7500000       1.0000000       2.5000001
       0.0800000       1.0000000       0.7500000       1.0000000       2.5000001
       0.0900000       1.0000000       0.7500000       1.0000000       2.5000001
       0.1000000       1.0000000       0.7500000       1.0000000       2.5000001
       0.1100000       1.0000000       0.7500000       1.0000000       2.5000001
       0.1200000       1.0000000       0.7500000       1.0000000       2.5000001
       0.1300000       1.0000000       0.7500000       1.0000000       2.5000001
       0.1400000       1.0000000       0.7500000       1.0000000       2.5000001
       0.1500000       1.0000000       0.7500000       1.0000000       2.5000001
       0.1600000       1.0000000       0.7500000       1.0000000       2.5000001
       0.1700000       1.0000000       0.7500000       1.0000000       2.5000001
       0.1800000       1.0000000       0.7500001       0.9999999       2.5000001
       0.1900000       0.9999991       0.7500011       0.9999987       2.4999992
       0.2000000       0.9999797       0.7500240       0.9999716       2.4999799
       0.2100000       0.9995336       0.7505512       0.9993477       2.4995353
       0.2200000       0.9895695       0.7623264       0.9854852       2.4896817
       0.2300000       0.9571759       0.8014969       0.9406220       2.4567639
       0.2400000       0.9234862       0.8433917       0.8945892       2.4217720
       0.2500000       0.8906943       0.8853659       0.8504160       2.3869473
       0.2600000       0.8590186       0.9271043       0.8083556       2.3525557
       0.2700000       0.8284316       0.9685905       0.7683286       2.3186243
       0.2800000       0.7988496       1.0098995       0.7301753       2.2850839
       0.2900000       0.7701623       1.0511521       0.6937104       2.2518319
       0.3000000       0.7418642       1.0930686       0.6582681       2.2182907
       0.3100000       0.7167860       1.1312934       0.6273079       2.1879191
       0.3200000       0.6910417       1.1716631       0.5959718       2.1560632
       0.3300000       0.6659992       1.2121064       0.5659333       2.1243769
       0.3400000       0.6420020       1.2520163       0.5375733       2.0933475
       0.3500000       0.6190214       1.2914047       0.5107927       2.0629042
       0.3600000       0.5965147       1.3310799       0.4849759       2.0325399
       0.3700000       0.5799304       1.3610731       0.4662057       2.0097487
       0.3800000       0.5785345       1.3636429       0.4646260       2.0077716
       0.3900000       0.5785550       1.3636305       0.4646302       2.0077185
       0.4000000       0.5787323       1.3633358       0.4648092       2.0078767
       0.4100000       0.5791200       1.3626563       0.4652263       2.0083332
       0.4200000       0.5794508       1.3620837       0.4655812       2.0087177
       0.4300000       0.5796744       1.3617314       0.4658034       2.0089012
       0.4400000       0.5799406       1.3613241       0.4660557       2.0090667
       0.4500000       0.5801166       1.3610985       0.4661944       2.0090548
       0.4600000       0.5801650       1.3611060       0.4661872       2.0088561
       0.4700000       0.5802652       1.3610094       0.4662447       2.0087573
       0.4800000       0.5803246       1.3609729       0.4662672       2.0086486
       0.4900000       0.5804482       1.3608973       0.4663183       2.0084410
       0.5000000       0.5806512       1.3609989       0.4662640       2.0075050
       0.5100000       0.5810106       1.3611071       0.4661999       2.0059871
       0.5200000       0.5814180       1.3607613       0.4664129       2.0054978
       0.5300000       0.5812247       1.3611162       0.4661922       2.0052153
       0.5400000       0.5812592       1.3607271       0.4664306       2.0061218
       0.5500000       0.5797717       1.3611163       0.4661922       2.0102406
       0.5600000       0.5727714       1.3610081       0.4662626       2.0351165
       0.5700000       0.5368501       1.3600087       0.4668984       2.1742493
       0.5800000       0.4505652       1.3629377       0.4652029       2.5812187
       0.5900000       0.3697007       1.3588513       0.4673461       3.1603004
       0.6000000       0.3425745       1.3614957       0.4660594       3.4011539
       0.6100000       0.3393285       1.3616880       0.4659745       3.4330637
       0.6200000       0.3395665       1.3593419       0.4670801       3.4387967
       0.6300000       0.3385208       1.3635876       0.4650828       3.4346695
       0.6400000       0.3397594       1.3590389       0.4672325       3.4379658
       0.6500000       0.3396399       1.3607519       0.4664428       3.4333633
       0.6600000       0.3392968       1.3626994       0.4655400       3.4301829
       0.6700000       0.3402170       1.3589959       0.4672882       3.4337514
       0.6800000       0.3391896       1.3631943       0.4653115       3.4295828
       0.6900000       0.3399780       1.3599450       0.4668373       3.4328497
       0.7000000       0.3400594       1.3596580       0.4669608       3.4329356
       0.7100000       0.3389675       1.3638009       0.4649957       3.4295009
       0.7200000       0.3403621       1.3583822       0.4674597       3.4335471
       0.7300000       0.3363146       1.3511188       0.4606514       3.4242598
       0.7400000       0.2424218       0.9534820       0.3003326       3.0972113
       0.7500000       0.1292723       0.0427518       0.1056981       2.0440973
       0.7600000       0.1250110       0.0000935       0.1000124       2.0000709
       0.7700000       0.1250000       0.0000002       0.1000000       2.0000003
       0.7800000       0.1250000   3.9902657e-10       0.1000000       2.0000001
       0.7900000       0.1250000   7.5073665e-13       0.1000000       2.0000001
       0.8000000       0.1250000   1.5364271e-15       0.1000000       2.0000001
       0.8100000       0.1250000       0.0000000       0.1000000       2.0000001
       0.8200000       0.1250000       0.0000000       0.1000000       2.0000001
       0.8300000       0.1250000       0.0000000       0.1000000       2.0000001
       0.8400000       0.1250000       0.0000000       0.1000000       2.0000001
       0.8500000       0.1250000       0.0000000       0.1000000       2.0000001
       0.8600000       0.1250000       0.0000000       0.1000000       2.0000001
       0.8700000       0.1250000       0.0000000       0.1000000       2.0000001
       0.8800000       0.1250000       0.0000000       0.1000000       2.0000001
       0.8900000       0.1250000       0.0000000       0.1000000       2.0000001
       0.9000000       0.1250000       0.0000000       0.1000000       2.0000001
       0.9100000       0.1250000       0.0000000       0.1000000       2.0000001
       0.9200000       0.1250000       0.0000000       0.1000000       2.0000001
       0.9300000       0.1250000       0.0000000       0.1000000       2.0000001
       0.9400000       0.1250000       0.0000000       0.1000000       2.0000001
       0.9500000       0.1250000       0.0000000       0.1000000       2.0000001
       0.9600000       0.1250000       0.0000000       0.1000000       2.0000001
       0.9700000       0.1250000       0.0000000       0.1000000       2.0000001
       0.9800000       0.1250000       0.0000000       0.1000000       2.0000001
       0.9900000       0.1250000       0.0000000       0.1000000       2.0000001
