 size of message [MB]:  8.000000000000001E-005
 ---------------------------------------------------------------
           1   11.0000000000000     
           2   12.0000000000000     
           3   13.0000000000000     
           4   14.0000000000000     
           5   15.0000000000000     
           6   16.0000000000000     
           7   17.0000000000000     
           8   18.0000000000000     
           9   19.0000000000000     
          10   20.0000000000000     
 time for MPI_ALLGATHER:  0.000000000000000E+000
 time for grid loop:   3.81342100000000     
 time for check:  0.000000000000000E+000
 total time using MPI_ALLGATHER (blocking):   3.81342100000000     
 total time using MPI_ALLGATHER (blocking) (wtime):   3.81399202346802     
 ---------------------------------------------------------------
 ---------------------------------------------------------------
 total runtime:   4.01738800000000     
