 size of message [MB]:  8.000000000000001E-005
 ---------------------------------------------------------------
           1   1.00000000000000     
           2   2.00000000000000     
           3   3.00000000000000     
           4   4.00000000000000     
           5   5.00000000000000     
           6   6.00000000000000     
           7   7.00000000000000     
           8   8.00000000000000     
           9   9.00000000000000     
          10   10.0000000000000     
 time for MPI_ALLGATHER:  0.000000000000000E+000
 time for grid loop:   3.82441900000000     
 time for check:  0.000000000000000E+000
 total time using MPI_ALLGATHER (blocking):   3.82441900000000     
 total time using MPI_ALLGATHER (blocking) (wtime):   3.82581186294556     
 ---------------------------------------------------------------
 ---------------------------------------------------------------
 total runtime:   4.01938800000000     
